<?xml version="1.0" encoding="UTF-8"?>
<!-- Generated by org.testng.reporters.JUnitReportReporter -->
<testsuite hostname="Ghadeers-MacBook-Pro.local" failures="0" tests="1" name="test.BootstrapDatePickers" time="11.161" errors="0" timestamp="2021-07-06T00:01:39 AST" skipped="0">
  <testcase classname="test.BootstrapDatePickers" name="DropdownTC" time="11.161"/>
  <system-out/>
</testsuite> <!-- test.BootstrapDatePickers -->
