<?xml version="1.0" encoding="UTF-8"?>
<!-- Generated by org.testng.reporters.JUnitReportReporter -->
<testsuite hostname="Ghadeers-MacBook-Pro.local" failures="0" tests="1" name="test.DragAndDrop" time="1.830" errors="0" timestamp="2021-06-22T00:35:11 AST" skipped="0">
  <testcase classname="test.DragAndDrop" name="DropdownTC" time="1.830"/>
  <system-out/>
</testsuite> <!-- test.DragAndDrop -->
