<?xml version="1.0" encoding="UTF-8"?>
<!-- Generated by org.testng.reporters.JUnitReportReporter -->
<testsuite hostname="Ghadeers-MacBook-Pro.local" failures="0" tests="1" name="test.InputForms" time="1.833" errors="0" timestamp="2021-05-29T15:54:35 AST" skipped="0">
  <testcase classname="test.InputForms" name="InputFormsTC" time="1.833"/>
  <system-out/>
</testsuite> <!-- test.InputForms -->
