<?xml version="1.0" encoding="UTF-8"?>
<!-- Generated by org.testng.reporters.JUnitReportReporter -->
<testsuite hostname="Ghadeers-MacBook-Pro.local" failures="0" tests="1" name="test.RadioButtonsTestCases" time="0.839" errors="0" timestamp="2021-05-29T16:00:56 AST" skipped="0">
  <testcase classname="test.RadioButtonsTestCases" name="radioButtonsTest" time="0.839"/>
  <system-out/>
</testsuite> <!-- test.RadioButtonsTestCases -->
