<?xml version="1.0" encoding="UTF-8"?>
<!-- Generated by org.testng.reporters.JUnitReportReporter -->
<testsuite hostname="Ghadeers-MacBook-Pro.local" failures="0" tests="1" name="test.RadioButtonsTestCases" time="1.836" errors="0" timestamp="2021-06-21T21:57:13 AST" skipped="0">
  <testcase classname="test.RadioButtonsTestCases" name="radioButtonsTest" time="1.836"/>
  <system-out/>
</testsuite> <!-- test.RadioButtonsTestCases -->
