<?xml version="1.0" encoding="UTF-8"?>
<!-- Generated by org.testng.reporters.JUnitReportReporter -->
<testsuite hostname="Ghadeers-MacBook-Pro.local" failures="0" tests="1" name="NewTest" time="0.005" errors="0" timestamp="2021-05-07T07:13:02 AST" skipped="0">
  <testcase classname="NewTest" name="f" time="0.005"/>
  <system-out/>
</testsuite> <!-- NewTest -->
